\BOOKMARK [0][-]{chapter*.1}{\376\377\004\023\004\073\000.\000\040\0001\000-\0006\000\040\000+\000\040\0001\0000\000\040\004\077\004\076\004\072\004\100\004\113\004\062\004\116\004\102\000\040\004\072\004\103\004\100\004\101\000\040\004\024\000.\004\050\004\102\004\103\004\072\004\065\004\075\004\061\004\065\004\100\004\063\004\060\000\040\000"\004\034\004\060\004\102\004\065\004\074\004\060\004\102\004\070\004\107\004\065\004\101\004\072\004\060\004\117\000\040\004\073\004\076\004\063\004\070\004\072\004\060\000"}{}% 1
\BOOKMARK [0][-]{chapter.1}{\376\377\004\044\004\076\004\100\004\074\004\060\004\073\004\114\004\075\004\113\004\065\000\040\004\117\004\067\004\113\004\072\004\070}{}% 2
\BOOKMARK [1][-]{section.1.1}{\376\377\004\044\004\076\004\100\004\074\004\060\004\073\004\070\004\067\004\060\004\106\004\070\004\117\000\040\004\074\004\060\004\102\004\065\004\074\004\060\004\102\004\070\004\072\004\070}{chapter.1}% 3
\BOOKMARK [1][-]{section.1.2}{\376\377\004\057\004\067\004\113\004\072\000\040\004\070\000\040\004\074\004\065\004\102\004\060\004\117\004\067\004\113\004\072}{chapter.1}% 4
\BOOKMARK [1][-]{section.1.3}{\376\377\004\041\004\070\004\075\004\102\004\060\004\072\004\101\004\070\004\101\000\040\004\104\004\076\004\100\004\074\004\103\004\073}{chapter.1}% 5
\BOOKMARK [1][-]{section.1.4}{\376\377\004\042\004\065\004\100\004\074\004\113\000\040\004\070\000\040\004\077\004\076\004\064\004\101\004\102\004\060\004\075\004\076\004\062\004\072\004\070}{chapter.1}% 6
\BOOKMARK [1][-]{section.1.5}{\376\377\004\041\004\062\004\076\004\061\004\076\004\064\004\075\004\113\004\065\000\040\004\070\000\040\004\101\004\062\004\117\004\067\004\060\004\075\004\075\004\113\004\065\000\040\004\077\004\065\004\100\004\065\004\074\004\065\004\075\004\075\004\113\004\065}{chapter.1}% 7
\BOOKMARK [1][-]{section.1.6}{\376\377\004\044\004\076\004\100\004\074\004\060\004\073\004\114\004\075\004\113\004\065\000\040\004\102\004\065\004\076\004\100\004\070\004\070}{chapter.1}% 8
\BOOKMARK [1][-]{section.1.7}{\376\377\004\027\004\060\004\064\004\060\004\107\004\075\004\070\004\072\000\040\004\072\000\040\004\063\004\073\004\060\004\062\004\065}{chapter.1}% 9
\BOOKMARK [0][-]{chapter.2}{\376\377\004\037\004\100\004\076\004\077\004\076\004\067\004\070\004\106\004\070\004\076\004\075\004\060\004\073\004\114\004\075\004\060\004\117\000\040\004\073\004\076\004\063\004\070\004\072\004\060}{}% 10
\BOOKMARK [1][-]{section.2.1}{\376\377\004\030\004\101\004\107\004\070\004\101\004\073\004\065\004\075\004\070\004\065\000\040\004\062\004\113\004\101\004\072\004\060\004\067\004\113\004\062\004\060\004\075\004\070\004\071}{chapter.2}% 11
\BOOKMARK [1][-]{section.2.2}{\376\377\004\041\004\065\004\074\004\060\004\075\004\102\004\070\004\072\004\060\000\040\004\070\000\040\004\102\004\060\004\061\004\073\004\070\004\106\004\113\000\040\004\070\004\101\004\102\004\070\004\075\004\075\004\076\004\101\004\102\004\070}{chapter.2}% 12
\BOOKMARK [1][-]{section.2.3}{\376\377\004\020\004\072\004\101\004\070\004\076\004\074\004\060\004\102\004\070\004\107\004\065\004\101\004\072\004\070\004\065\000\040\004\101\004\070\004\101\004\102\004\065\004\074\004\113}{chapter.2}% 13
\BOOKMARK [1][-]{section.2.4}{\376\377\004\042\004\065\004\076\004\100\004\065\004\074\004\060\000\040\004\076\000\040\004\064\004\065\004\064\004\103\004\072\004\106\004\070\004\070}{chapter.2}% 14
\BOOKMARK [1][-]{section.2.5}{\376\377\004\032\004\076\004\100\004\100\004\065\004\072\004\102\004\075\004\076\004\101\004\102\004\114}{chapter.2}% 15
\BOOKMARK [1][-]{section.2.6}{\376\377\004\037\004\076\004\073\004\075\004\076\004\102\004\060}{chapter.2}% 16
\BOOKMARK [1][-]{section.2.7}{\376\377\004\027\004\060\004\064\004\060\004\107\004\075\004\070\004\072\000\040\004\072\000\040\004\063\004\073\004\060\004\062\004\065}{chapter.2}% 17
\BOOKMARK [0][-]{chapter.3}{\376\377\004\033\004\076\004\063\004\070\004\072\004\060\000\040\004\077\004\065\004\100\004\062\004\076\004\063\004\076\000\040\004\077\004\076\004\100\004\117\004\064\004\072\004\060}{}% 18
\BOOKMARK [1][-]{section.3.1}{\376\377\004\037\004\100\004\065\004\064\004\070\004\072\004\060\004\102\004\113\000\040\004\070\000\040\004\072\004\062\004\060\004\075\004\102\004\076\004\100\004\113}{chapter.3}% 19
\BOOKMARK [1][-]{section.3.2}{\376\377\004\057\004\067\004\113\004\072\000\040\004\077\004\065\004\100\004\062\004\076\004\063\004\076\000\040\004\077\004\076\004\100\004\117\004\064\004\072\004\060}{chapter.3}% 20
\BOOKMARK [1][-]{section.3.3}{\376\377\004\041\004\065\004\074\004\060\004\075\004\102\004\070\004\072\004\060\000\040\004\077\004\065\004\100\004\062\004\076\004\063\004\076\000\040\004\077\004\076\004\100\004\117\004\064\004\072\004\060}{chapter.3}% 21
\BOOKMARK [1][-]{section.3.4}{\376\377\004\044\004\076\004\100\004\074\004\060\004\073\004\114\004\075\004\113\004\065\000\040\004\062\004\113\004\062\004\076\004\064\004\113}{chapter.3}% 22
\BOOKMARK [1][-]{section.3.5}{\376\377\004\037\004\076\004\073\004\075\004\076\004\102\004\060\000\040\004\023\004\121\004\064\004\065\004\073\004\117}{chapter.3}% 23
\BOOKMARK [1][-]{section.3.6}{\376\377\004\032\004\076\004\074\004\077\004\060\004\072\004\102\004\075\004\076\004\101\004\102\004\114}{chapter.3}% 24
\BOOKMARK [1][-]{section.3.7}{\376\377\004\042\004\065\004\076\004\100\004\065\004\074\004\060\000\040\004\033\004\121\004\062\004\065\004\075\004\063\004\065\004\071\004\074\004\060\040\023\004\041\004\072\004\076\004\073\004\065\004\074\004\060}{chapter.3}% 25
\BOOKMARK [1][-]{section.3.8}{\376\377\004\027\004\060\004\064\004\060\004\107\004\075\004\070\004\072\000\040\004\072\000\040\004\063\004\073\004\060\004\062\004\065}{chapter.3}% 26
\BOOKMARK [0][-]{chapter.4}{\376\377\004\044\004\076\004\100\004\074\004\060\004\073\004\114\004\075\004\060\004\117\000\040\004\060\004\100\004\070\004\104\004\074\004\065\004\102\004\070\004\072\004\060}{}% 27
\BOOKMARK [1][-]{section.4.1}{\376\377\004\020\004\100\004\070\004\104\004\074\004\065\004\102\004\070\004\072\004\060\000\040\004\040\004\076\004\061\004\070\004\075\004\101\004\076\004\075\004\060}{chapter.4}% 28
\BOOKMARK [1][-]{section.4.2}{\376\377\004\020\004\100\004\070\004\104\004\074\004\065\004\102\004\070\004\072\004\060\000\040\004\037\004\065\004\060\004\075\004\076}{chapter.4}% 29
\BOOKMARK [1][-]{section.4.3}{\376\377\004\037\004\100\004\065\004\064\004\101\004\102\004\060\004\062\004\070\004\074\004\113\004\065\000\040\004\104\004\103\004\075\004\072\004\106\004\070\004\070}{chapter.4}% 30
\BOOKMARK [1][-]{section.4.4}{\376\377\004\023\004\121\004\064\004\065\004\073\004\065\004\062\004\060\000\040\004\075\004\103\004\074\004\065\004\100\004\060\004\106\004\070\004\117}{chapter.4}% 31
\BOOKMARK [1][-]{section.4.5}{\376\377\004\024\004\070\004\060\004\063\004\076\004\075\004\060\004\073\004\114\004\075\004\113\004\071\000\040\004\074\004\065\004\102\004\076\004\064}{chapter.4}% 32
\BOOKMARK [1][-]{section.4.6}{\376\377\004\027\004\060\004\064\004\060\004\107\004\075\004\070\004\072\000\040\004\072\000\040\004\063\004\073\004\060\004\062\004\065}{chapter.4}% 33
\BOOKMARK [0][-]{chapter.5}{\376\377\004\023\004\100\004\060\004\075\004\070\004\106\004\113\000\040\004\104\004\076\004\100\004\074\004\060\004\073\004\114\004\075\004\113\004\105\000\040\004\101\004\070\004\101\004\102\004\065\004\074}{}% 34
\BOOKMARK [1][-]{section.5.1}{\376\377\004\037\004\065\004\100\004\062\004\060\004\117\000\040\004\102\004\065\004\076\004\100\004\065\004\074\004\060\000\040\004\023\004\121\004\064\004\065\004\073\004\117}{chapter.5}% 35
\BOOKMARK [1][-]{section.5.2}{\376\377\004\022\004\102\004\076\004\100\004\060\004\117\000\040\004\102\004\065\004\076\004\100\004\065\004\074\004\060\000\040\004\023\004\121\004\064\004\065\004\073\004\117}{chapter.5}% 36
\BOOKMARK [1][-]{section.5.3}{\376\377\004\042\004\065\004\076\004\100\004\065\004\074\004\060\000\040\004\042\004\060\004\100\004\101\004\072\004\076\004\063\004\076}{chapter.5}% 37
\BOOKMARK [1][-]{section.5.4}{\376\377\004\042\004\065\004\076\004\100\004\065\004\074\004\060\000\040\004\047\004\065\004\100\004\107\004\060}{chapter.5}% 38
\BOOKMARK [1][-]{section.5.5}{\376\377\004\035\004\065\004\101\004\102\004\060\004\075\004\064\004\060\004\100\004\102\004\075\004\060\004\117\000\040\004\060\004\100\004\070\004\104\004\074\004\065\004\102\004\070\004\072\004\060}{chapter.5}% 39
\BOOKMARK [1][-]{section.5.6}{\376\377\004\027\004\060\004\064\004\060\004\107\004\075\004\070\004\072\000\040\004\072\000\040\004\063\004\073\004\060\004\062\004\065}{chapter.5}% 40
\BOOKMARK [0][-]{chapter.6}{\376\377\004\042\004\065\004\076\004\100\004\070\004\117\000\040\004\064\004\076\004\072\004\060\004\067\004\060\004\102\004\065\004\073\004\114\004\101\004\102\004\062}{}% 41
\BOOKMARK [1][-]{section.6.1}{\376\377\004\023\004\070\004\073\004\114\004\061\004\065\004\100\004\102\004\076\004\062\004\113\000\040\004\101\004\070\004\101\004\102\004\065\004\074\004\113}{chapter.6}% 42
\BOOKMARK [1][-]{section.6.2}{\376\377\004\035\004\060\004\102\004\103\004\100\004\060\004\073\004\114\004\075\004\113\004\071\000\040\004\062\004\113\004\062\004\076\004\064}{chapter.6}% 43
\BOOKMARK [1][-]{section.6.3}{\376\377\004\041\004\065\004\072\004\062\004\065\004\075\004\106\004\070\004\060\004\073\004\114\004\075\004\076\004\065\000\040\004\070\004\101\004\107\004\070\004\101\004\073\004\065\004\075\004\070\004\065}{chapter.6}% 44
\BOOKMARK [1][-]{section.6.4}{\376\377\004\043\004\101\004\102\004\100\004\060\004\075\004\070\004\074\004\076\004\101\004\102\004\114\000\040\004\101\004\065\004\107\004\065\004\075\004\070\004\117}{chapter.6}% 45
\BOOKMARK [1][-]{section.6.5}{\376\377\004\035\004\076\004\100\004\074\004\060\004\073\004\070\004\067\004\060\004\106\004\070\004\117}{chapter.6}% 46
\BOOKMARK [1][-]{section.6.6}{\376\377\004\032\004\076\004\075\004\101\004\102\004\100\004\103\004\072\004\102\004\070\004\062\004\075\004\060\004\117\000\040\004\073\004\076\004\063\004\070\004\072\004\060}{chapter.6}% 47
\BOOKMARK [1][-]{section.6.7}{\376\377\004\030\004\075\004\102\004\103\004\070\004\106\004\070\004\076\004\075\004\070\004\101\004\102\004\101\004\072\004\060\004\117\000\040\004\073\004\076\004\063\004\070\004\072\004\060}{chapter.6}% 48
\BOOKMARK [1][-]{section.6.8}{\376\377\004\041\004\065\004\074\004\060\004\075\004\102\004\070\004\072\004\060\000\040\004\032\004\100\004\070\004\077\004\072\004\065}{chapter.6}% 49
\BOOKMARK [1][-]{section.6.9}{\376\377\004\027\004\060\004\064\004\060\004\107\004\075\004\070\004\072\000\040\004\072\000\040\004\063\004\073\004\060\004\062\004\065}{chapter.6}% 50
\BOOKMARK [0][-]{chapter*.2}{\376\377\004\023\004\073\004\060\004\062\004\060\000\040\0007\000\040\004\077\004\076\004\072\004\100\004\113\004\062\004\060\004\065\004\102\000\040\004\072\004\103\004\100\004\101\000\040\004\040\000.\004\037\004\076\004\077\004\072\004\076\004\062\004\060\000\040\000"\004\034\004\065\004\066\004\064\004\103\000\040\004\060\004\073\004\063\004\065\004\061\004\100\004\076\004\071\000\040\004\070\000\040\004\073\004\076\004\063\004\070\004\072\004\076\004\071\000"}{}% 51
\BOOKMARK [0][-]{chapter.7}{\376\377\004\042\004\065\004\076\004\100\004\070\004\117\000\040\004\074\004\076\004\064\004\065\004\073\004\065\004\071}{}% 52
\BOOKMARK [1][-]{section.7.1}{\376\377\004\036\004\101\004\075\004\076\004\062\004\113\000\040\004\102\004\065\004\076\004\100\004\070\004\070\000\040\004\074\004\076\004\064\004\065\004\073\004\065\004\071}{chapter.7}% 53
\BOOKMARK [2][-]{subsection.7.1.1}{\376\377\004\057\004\067\004\113\004\072\000\040\000\050\004\041\004\070\004\063\004\075\004\060\004\102\004\103\004\100\004\060\000\051}{section.7.1}% 54
\BOOKMARK [2][-]{subsection.7.1.2}{\376\377\000L\000-\004\101\004\102\004\100\004\103\004\072\004\102\004\103\004\100\004\113}{section.7.1}% 55
\BOOKMARK [2][-]{subsection.7.1.3}{\376\377\004\037\004\100\004\070\004\074\004\065\004\100\004\113}{section.7.1}% 56
\BOOKMARK [2][-]{subsection.7.1.4}{\376\377\004\036\004\077\004\065\004\100\004\060\004\106\004\070\004\070\000\040\004\075\004\060\004\064\000\040\004\117\004\067\004\113\004\072\004\060\004\074\004\070\000\040\004\070\000\040\004\074\004\076\004\111\004\075\004\076\004\101\004\102\004\117\004\074\004\070}{section.7.1}% 57
\BOOKMARK [2][-]{subsection.7.1.5}{\376\377\004\037\004\100\004\070\004\074\004\065\004\100\000\040\004\077\004\100\004\076\004\070\004\067\004\062\004\076\004\073\004\114\004\075\004\076\004\071\000\040\004\101\004\102\004\100\004\103\004\072\004\102\004\103\004\100\004\113}{section.7.1}% 58
\BOOKMARK [2][-]{subsection.7.1.6}{\376\377\004\022\004\073\004\076\004\066\004\065\004\075\004\070\004\117}{section.7.1}% 59
\BOOKMARK [2][-]{subsection.7.1.7}{\376\377\004\042\004\065\004\100\004\074\004\113}{section.7.1}% 60
\BOOKMARK [2][-]{subsection.7.1.8}{\376\377\004\030\004\075\004\102\004\065\004\100\004\077\004\100\004\065\004\102\004\060\004\106\004\070\004\117\000\040\004\102\004\065\004\100\004\074\004\076\004\062}{section.7.1}% 61
\BOOKMARK [2][-]{subsection.7.1.9}{\376\377\004\030\004\101\004\102\004\070\004\075\004\075\004\076\004\101\004\102\004\114\000\040\004\104\004\076\004\100\004\074\004\103\004\073\000\040\004\062\000\040\004\101\004\102\004\100\004\103\004\072\004\102\004\103\004\100\004\065}{section.7.1}% 62
\BOOKMARK [2][-]{subsection.7.1.10}{\376\377\000\040\004\041\004\070\004\075\004\102\004\060\004\072\004\101\004\070\004\107\004\065\004\101\004\072\004\070\004\065\000\040\004\101\004\076\004\072\004\100\004\060\004\111\004\065\004\075\004\070\004\117}{section.7.1}% 63
\BOOKMARK [1][-]{section.7.2}{\376\377\004\036\004\077\004\100\004\065\004\064\004\065\004\073\004\070\004\074\004\113\004\065\000\040\004\074\004\075\004\076\004\066\004\065\004\101\004\102\004\062\004\060}{chapter.7}% 64
\BOOKMARK [2][-]{subsection.7.2.1}{\376\377\004\037\004\100\004\070\004\074\004\065\004\100\000:\000\040\004\072\004\076\004\075\004\065\004\107\004\075\004\113\004\071\000\040\004\077\004\076\004\100\004\117\004\064\004\076\004\072\000\040\004\115\004\073\004\065\004\074\004\065\004\075\004\102\004\060\000\040\004\063\004\100\004\103\004\077\004\077\004\113}{section.7.2}% 65
\BOOKMARK [2][-]{subsection.7.2.2}{\376\377\004\036\004\077\004\065\004\100\004\060\004\106\004\070\004\070\000\040\004\075\004\060\004\064\000\040\004\076\004\077\004\100\004\065\004\064\004\065\004\073\004\070\004\074\004\113\004\074\004\070\000\040\004\074\004\075\004\076\004\066\004\065\004\101\004\102\004\062\004\060\004\074\004\070}{section.7.2}% 66
\BOOKMARK [2][-]{subsection.7.2.3}{\376\377\004\036\004\077\004\100\004\065\004\064\004\065\004\073\004\070\004\074\004\113\004\065\000\040\004\104\004\103\004\075\004\072\004\106\004\070\004\070}{section.7.2}% 67
\BOOKMARK [2][-]{subsection.7.2.4}{\376\377\004\020\004\062\004\102\004\076\004\074\004\076\004\100\004\104\004\070\004\067\004\074\004\113\000,\000\040\004\077\004\060\004\100\004\060\004\074\004\065\004\102\004\100\004\113\000\040\004\070\000\040\004\076\004\077\004\100\004\065\004\064\004\065\004\073\004\070\004\074\004\113\004\065\000\040\004\074\004\075\004\076\004\066\004\065\004\101\004\102\004\062\004\060}{section.7.2}% 68
\BOOKMARK [2][-]{subsection.7.2.5}{\376\377\004\036\004\063\004\100\004\060\004\075\004\070\004\107\004\065\004\075\004\075\004\076\004\101\004\102\004\114\000\040\004\074\004\065\004\102\004\076\004\064\004\060\000\040\004\060\004\062\004\102\004\076\004\074\004\076\004\100\004\104\004\070\004\067\004\074\004\076\004\062}{section.7.2}% 69
\BOOKMARK [2][-]{subsection.7.2.6}{\376\377\004\021\004\065\004\101\004\072\004\062\004\060\004\075\004\102\004\076\004\100\004\075\004\113\004\065\000,\000\040\004\115\004\072\004\067\004\070\004\101\004\102\004\065\004\075\004\106\004\070\004\060\004\073\004\114\004\075\004\113\004\065\000\040\004\070\000\040\004\103\004\075\004\070\004\062\004\065\004\100\004\101\004\060\004\073\004\114\004\075\004\113\004\065\000\040\004\104\004\076\004\100\004\074\004\103\004\073\004\113}{section.7.2}% 70
\BOOKMARK [2][-]{subsection.7.2.7}{\376\377\004\041\004\076\004\105\004\100\004\060\004\075\004\065\004\075\004\070\004\065\000\040\004\104\004\076\004\100\004\074\004\103\004\073\000\040\004\077\004\100\004\070\000\040\004\077\004\065\004\100\004\065\004\105\004\076\004\064\004\065\000\040\004\072\000\040\004\077\004\076\004\064\004\101\004\102\004\100\004\103\004\072\004\102\004\103\004\100\004\060\004\074}{section.7.2}% 71
\BOOKMARK [2][-]{subsection.7.2.8}{\376\377\004\042\004\065\004\076\004\100\004\070\004\070\000\040\004\101\004\102\004\100\004\103\004\072\004\102\004\103\004\100\000\040\004\070\000\040\004\064\004\065\004\064\004\103\004\072\004\102\004\070\004\062\004\075\004\060\004\117\000\040\004\067\004\060\004\074\004\072\004\075\004\103\004\102\004\076\004\101\004\102\004\114}{section.7.2}% 72
\BOOKMARK [2][-]{subsection.7.2.9}{\376\377\004\037\004\076\004\073\004\075\004\113\004\065\000\040\004\102\004\065\004\076\004\100\004\070\004\070}{section.7.2}% 73
\BOOKMARK [2][-]{subsection.7.2.10}{\376\377\004\030\004\101\004\102\004\070\004\075\004\075\004\060\004\117\000\040\004\060\004\100\004\070\004\104\004\074\004\065\004\102\004\070\004\072\004\060\000\040\004\070\000\040\004\060\004\100\004\070\004\104\004\074\004\065\004\102\004\070\004\072\004\060\000\040\004\037\004\065\004\060\004\075\004\076}{section.7.2}% 74
\BOOKMARK [1][-]{section.7.3}{\376\377\004\020\004\073\004\063\004\065\004\061\004\100\004\060\004\070\004\107\004\065\004\101\004\072\004\070\000\040\004\067\004\060\004\074\004\072\004\075\004\103\004\102\004\113\004\065\000\040\004\077\004\076\004\073\004\117\000\040\004\070\000\040\004\103\004\077\004\076\004\100\004\117\004\064\004\076\004\107\004\065\004\075\004\075\004\113\004\065\000\040\004\077\004\076\004\073\004\117}{chapter.7}% 75
\BOOKMARK [2][-]{subsection.7.3.1}{\376\377\004\020\004\073\004\063\004\065\004\061\004\100\004\060\004\070\004\107\004\065\004\101\004\072\004\070\000\040\004\067\004\060\004\074\004\072\004\075\004\103\004\102\004\113\004\065\000\040\004\077\004\076\004\073\004\117}{section.7.3}% 76
\BOOKMARK [2][-]{subsection.7.3.2}{\376\377\004\043\004\077\004\076\004\100\004\117\004\064\004\076\004\107\004\065\004\075\004\075\004\113\004\065\000\040\004\077\004\076\004\073\004\117}{section.7.3}% 77
\BOOKMARK [2][-]{subsection.7.3.3}{\376\377\004\037\004\076\004\073\004\075\004\113\004\065\000\040\004\103\004\077\004\076\004\100\004\117\004\064\004\076\004\107\004\065\004\075\004\075\004\113\004\065\000\040\004\077\004\076\004\073\004\117}{section.7.3}% 78
\BOOKMARK [2][-]{subsection.7.3.4}{\376\377\004\020\004\100\004\105\004\070\004\074\004\065\004\064\004\076\004\062\004\076\004\101\004\102\004\114}{section.7.3}% 79
\BOOKMARK [2][-]{subsection.7.3.5}{\376\377\004\025\004\064\004\070\004\075\004\101\004\102\004\062\004\065\004\075\004\075\004\076\004\101\004\102\004\114\000\040\004\077\004\076\004\073\004\075\004\076\004\063\004\076\000\040\004\103\004\077\004\076\004\100\004\117\004\064\004\076\004\107\004\065\004\075\004\075\004\076\004\063\004\076\000\040\004\077\004\076\004\073\004\117}{section.7.3}% 80
\BOOKMARK [2][-]{subsection.7.3.6}{\376\377\004\032\004\076\004\075\004\065\004\107\004\075\004\060\004\117\000\040\004\062\004\113\004\077\004\076\004\073\004\075\004\070\004\074\004\076\004\101\004\102\004\114}{section.7.3}% 81
\BOOKMARK [2][-]{subsection.7.3.7}{\376\377\004\020\004\073\004\063\004\065\004\061\004\100\004\060\004\070\004\107\004\065\004\101\004\072\004\070\004\065\000\040\004\067\004\060\004\074\004\113\004\072\004\060\004\075\004\070\004\117\000\040\004\077\004\076\004\073\004\065\004\071}{section.7.3}% 82
\BOOKMARK [1][-]{section.7.4}{\376\377\004\044\004\070\004\073\004\114\004\102\004\100\004\113}{chapter.7}% 83
\BOOKMARK [2][-]{subsection.7.4.1}{\376\377\004\030\004\064\004\065\004\117\000\040\004\104\004\070\004\073\004\114\004\102\004\100\004\060}{section.7.4}% 84
\BOOKMARK [2][-]{subsection.7.4.2}{\376\377\004\044\004\070\004\073\004\114\004\102\004\100\004\113\000\040\004\070\000\040\004\101\004\105\004\076\004\064\004\070\004\074\004\076\004\101\004\102\004\114\000\040\004\077\004\076\004\101\004\073\004\065\004\064\004\076\004\062\004\060\004\102\004\065\004\073\004\114\004\075\004\076\004\101\004\102\004\065\004\071}{section.7.4}% 85
\BOOKMARK [2][-]{subsection.7.4.3}{\376\377\004\037\004\100\004\070\004\074\004\065\004\100\004\113\000\040\004\104\004\070\004\073\004\114\004\102\004\100\004\076\004\062}{section.7.4}% 86
\BOOKMARK [2][-]{subsection.7.4.4}{\376\377\004\043\004\073\004\114\004\102\004\100\004\060\004\104\004\070\004\073\004\114\004\102\004\100\004\113}{section.7.4}% 87
\BOOKMARK [2][-]{subsection.7.4.5}{\376\377\004\034\004\060\004\072\004\101\004\070\004\074\004\060\004\073\004\114\004\075\004\113\004\065\000\040\004\104\004\070\004\073\004\114\004\102\004\100\004\113}{section.7.4}% 88
\BOOKMARK [1][-]{section.7.5}{\376\377\004\043\004\073\004\114\004\102\004\100\004\060\004\077\004\100\004\076\004\070\004\067\004\062\004\065\004\064\004\065\004\075\004\070\004\117}{chapter.7}% 89
\BOOKMARK [2][-]{subsection.7.5.1}{\376\377\004\030\004\064\004\065\004\117\000\040\004\103\004\073\004\114\004\102\004\100\004\060\004\077\004\100\004\076\004\070\004\067\004\062\004\065\004\064\004\065\004\075\004\070\004\117}{section.7.5}% 90
\BOOKMARK [2][-]{subsection.7.5.2}{\376\377\004\037\004\100\004\117\004\074\004\076\004\065\000\040\004\077\004\100\004\076\004\070\004\067\004\062\004\065\004\064\004\065\004\075\004\070\004\065\000\040\004\075\004\076\004\101\004\070\004\102\004\065\004\073\004\065\004\071}{section.7.5}% 91
\BOOKMARK [2][-]{subsection.7.5.3}{\376\377\004\036\004\102\004\075\004\076\004\110\004\065\004\075\004\070\004\065\000\040\004\115\004\072\004\062\004\070\004\062\004\060\004\073\004\065\004\075\004\102\004\075\004\076\004\101\004\102\004\070\000\040\004\077\004\076\000\040\004\103\004\073\004\114\004\102\004\100\004\060\004\104\004\070\004\073\004\114\004\102\004\100\004\103}{section.7.5}% 92
\BOOKMARK [2][-]{subsection.7.5.4}{\376\377\004\035\004\076\004\101\004\070\004\102\004\065\004\073\004\114\000\040\004\103\004\073\004\114\004\102\004\100\004\060\004\077\004\100\004\076\004\070\004\067\004\062\004\065\004\064\004\065\004\075\004\070\004\117}{section.7.5}% 93
\BOOKMARK [2][-]{subsection.7.5.5}{\376\377\004\030\004\075\004\102\004\065\004\100\004\077\004\100\004\065\004\102\004\060\004\106\004\070\004\117\000\040\004\072\004\076\004\075\004\101\004\102\004\060\004\075\004\102}{section.7.5}% 94
\BOOKMARK [2][-]{subsection.7.5.6}{\376\377\004\030\004\075\004\102\004\065\004\100\004\077\004\100\004\065\004\102\004\060\004\106\004\070\004\117\000\040\004\104\004\103\004\075\004\072\004\106\004\070\004\076\004\075\004\060\004\073\004\114\004\075\004\113\004\105\000\040\004\101\004\070\004\074\004\062\004\076\004\073\004\076\004\062\000\040\004\070\000\040\004\065\004\121\000\040\004\072\004\076\004\100\004\100\004\065\004\072\004\102\004\075\004\076\004\101\004\102\004\114}{section.7.5}% 95
\BOOKMARK [2][-]{subsection.7.5.7}{\376\377\004\030\004\075\004\102\004\065\004\100\004\077\004\100\004\065\004\102\004\060\004\106\004\070\004\117\000\040\004\077\004\100\004\065\004\064\004\070\004\072\004\060\004\102\004\075\004\113\004\105\000\040\004\101\004\070\004\074\004\062\004\076\004\073\004\076\004\062\000\040\004\070\000\040\004\065\004\121\000\040\004\072\004\076\004\100\004\100\004\065\004\072\004\102\004\075\004\076\004\101\004\102\004\114}{section.7.5}% 96
\BOOKMARK [2][-]{subsection.7.5.8}{\376\377\004\032\004\076\004\100\004\100\004\065\004\072\004\102\004\075\004\076\004\101\004\102\004\114\000\040\004\070\004\075\004\102\004\065\004\100\004\077\004\100\004\065\004\102\004\060\004\106\004\070\004\070\000\040\004\077\004\100\004\065\004\064\004\070\004\072\004\060\004\102\004\075\004\113\004\105\000\040\004\101\004\070\004\074\004\062\004\076\004\073\004\076\004\062}{section.7.5}% 97
\BOOKMARK [2][-]{subsection.7.5.9}{\376\377\004\030\004\102\004\076\004\063\004\076\004\062\004\076\004\065\000\040\004\076\004\077\004\100\004\065\004\064\004\065\004\073\004\065\004\075\004\070\004\065\000\040\004\103\004\073\004\114\004\102\004\100\004\060\004\077\004\100\004\076\004\070\004\067\004\062\004\065\004\064\004\065\004\075\004\070\004\117}{section.7.5}% 98
\BOOKMARK [2][-]{subsection.7.5.10}{\376\377\004\042\004\065\004\076\004\100\004\065\004\074\004\060\000\040\004\033\004\076\004\101\004\117}{section.7.5}% 99
\BOOKMARK [1][-]{section.7.6}{\376\377\004\032\004\076\004\074\004\077\004\060\004\072\004\102\004\075\004\076\004\101\004\102\004\114\000\040\004\070\000\040\004\075\004\065\004\101\004\102\004\060\004\075\004\064\004\060\004\100\004\102\004\075\004\113\004\065\000\040\004\074\004\076\004\064\004\065\004\073\004\070}{chapter.7}% 100
\BOOKMARK [2][-]{subsection.7.6.1}{\376\377\004\032\004\076\004\074\004\077\004\060\004\072\004\102\004\075\004\076\004\101\004\102\004\114\000\040\004\064\004\073\004\117\000\040\004\101\004\065\004\074\004\060\004\075\004\102\004\070\004\107\004\065\004\101\004\072\004\076\004\063\004\076\000\040\004\101\004\073\004\065\004\064\004\076\004\062\004\060\004\075\004\070\004\117}{section.7.6}% 101
\BOOKMARK [2][-]{subsection.7.6.2}{\376\377\004\035\004\065\004\101\004\102\004\060\004\075\004\064\004\060\004\100\004\102\004\075\004\113\004\065\000\040\004\074\004\076\004\064\004\065\004\073\004\070\000\040\004\070\004\101\004\102\004\070\004\075\004\075\004\076\004\071\000\040\004\060\004\100\004\070\004\104\004\074\004\065\004\102\004\070\004\072\004\070}{section.7.6}% 102
\BOOKMARK [2][-]{subsection.7.6.3}{\376\377\004\035\004\065\004\101\004\102\004\060\004\075\004\064\004\060\004\100\004\102\004\075\004\113\004\065\000\040\004\061\004\065\004\101\004\072\004\076\004\075\004\065\004\107\004\075\004\076\000\040\004\074\004\060\004\073\004\113\004\065\000\040\004\115\004\073\004\065\004\074\004\065\004\075\004\102\004\113}{section.7.6}% 103
\BOOKMARK [2][-]{subsection.7.6.4}{\376\377\004\055\004\073\004\065\004\074\004\065\004\075\004\102\004\060\004\100\004\075\004\076\000\040\004\115\004\072\004\062\004\070\004\062\004\060\004\073\004\065\004\075\004\102\004\075\004\113\004\065\000\040\004\075\004\065\004\070\004\067\004\076\004\074\004\076\004\100\004\104\004\075\004\113\004\065\000\040\004\074\004\076\004\064\004\065\004\073\004\070}{section.7.6}% 104
\BOOKMARK [2][-]{subsection.7.6.5}{\376\377\004\020\004\072\004\101\004\070\004\076\004\074\004\060\004\102\004\070\004\067\004\070\004\100\004\103\004\065\004\074\004\113\004\065\000\040\004\072\004\073\004\060\004\101\004\101\004\113\000\040\004\070\000\040\004\072\004\076\004\075\004\065\004\107\004\075\004\113\004\065\000\040\004\074\004\076\004\064\004\065\004\073\004\070}{section.7.6}% 105
\BOOKMARK [2][-]{subsection.7.6.6}{\376\377\004\037\004\100\004\070\004\074\004\065\004\100\004\113\000\040\004\060\004\072\004\101\004\070\004\076\004\074\004\060\004\102\004\070\004\067\004\070\004\100\004\103\004\065\004\074\004\113\004\105\000\040\004\072\004\073\004\060\004\101\004\101\004\076\004\062}{section.7.6}% 106
\BOOKMARK [2][-]{subsection.7.6.7}{\376\377\004\021\004\065\004\101\004\072\004\076\004\075\004\065\004\107\004\075\004\113\004\065\000\040\004\070\000\040\004\072\004\076\004\075\004\065\004\107\004\075\004\113\004\065\000\040\004\074\004\076\004\064\004\065\004\073\004\070}{section.7.6}% 107
\BOOKMARK [2][-]{subsection.7.6.8}{\376\377\004\032\004\076\004\074\004\077\004\060\004\072\004\102\004\075\004\076\004\101\004\102\004\075\004\060\004\117\000\040\004\073\004\065\004\074\004\074\004\060\000\040\004\076\000\040\004\061\004\076\004\073\004\114\004\110\004\070\004\105\000\040\004\072\004\076\004\075\004\065\004\107\004\075\004\113\004\105\000\040\004\074\004\076\004\064\004\065\004\073\004\117\004\105}{section.7.6}% 108
\BOOKMARK [2][-]{subsection.7.6.9}{\376\377\000n\000-\004\072\004\100\004\103\004\107\004\065\004\075\004\070\004\117\000\040\004\070\000\040\004\077\004\065\004\100\004\070\004\076\004\064\004\070\004\107\004\065\004\101\004\072\004\070\004\065\000\040\004\060\004\061\004\065\004\073\004\065\004\062\004\113\000\040\004\063\004\100\004\103\004\077\004\077\004\113}{section.7.6}% 109
\BOOKMARK [2][-]{subsection.7.6.10}{\376\377\004\032\004\076\004\075\004\065\004\107\004\075\004\060\004\117\000\040\004\060\004\072\004\101\004\070\004\076\004\074\004\060\004\102\004\070\004\067\004\070\004\100\004\103\004\065\004\074\004\076\004\101\004\102\004\114\000\040\004\070\000\040\004\064\004\076\004\077\004\076\004\073\004\075\004\065\004\075\004\070\004\117\000\040\004\072\004\073\004\060\004\101\004\101\004\076\004\062}{section.7.6}% 110
\BOOKMARK [1][-]{section.7.7}{\376\377\004\055\004\073\004\065\004\074\004\065\004\075\004\102\004\060\004\100\004\075\004\113\004\065\000\040\004\077\004\076\004\064\004\101\004\102\004\100\004\103\004\072\004\102\004\103\004\100\004\113\000\040\004\070\000\040\004\064\004\070\004\060\004\063\004\100\004\060\004\074\004\074\004\113}{chapter.7}% 111
\BOOKMARK [2][-]{subsection.7.7.1}{\376\377\004\055\004\073\004\065\004\074\004\065\004\075\004\102\004\060\004\100\004\075\004\113\004\065\000\040\004\077\004\076\004\064\004\101\004\102\004\100\004\103\004\072\004\102\004\103\004\100\004\113}{section.7.7}% 112
\BOOKMARK [2][-]{subsection.7.7.2}{\376\377\004\055\004\073\004\065\004\074\004\065\004\075\004\102\004\060\004\100\004\075\004\113\004\065\000\040\004\062\004\073\004\076\004\066\004\065\004\075\004\070\004\117}{section.7.7}% 113
\BOOKMARK [2][-]{subsection.7.7.3}{\376\377\004\024\004\070\004\060\004\063\004\100\004\060\004\074\004\074\004\113}{section.7.7}% 114
\BOOKMARK [2][-]{subsection.7.7.4}{\376\377\004\020\004\102\004\076\004\074\004\060\004\100\004\075\004\060\004\117\000\040\004\064\004\070\004\060\004\063\004\100\004\060\004\074\004\074\004\060}{section.7.7}% 115
\BOOKMARK [2][-]{subsection.7.7.5}{\376\377\004\042\004\065\004\076\004\100\004\065\004\074\004\060\000\040\004\033\004\121\004\062\004\065\004\075\004\063\004\065\004\071\004\074\004\060\040\023\004\041\004\072\004\076\004\073\004\065\004\074\004\060\000\040\004\076\000\040\004\077\004\076\004\064\004\112\004\121\004\074\004\065}{section.7.7}% 116
\BOOKMARK [2][-]{subsection.7.7.6}{\376\377\004\035\004\065\004\101\004\102\004\060\004\075\004\064\004\060\004\100\004\102\004\075\004\113\004\065\000\040\004\075\004\060\004\102\004\103\004\100\004\060\004\073\004\114\004\075\004\113\004\065\000\040\004\107\004\070\004\101\004\073\004\060\000\040\004\070\000\040\004\077\004\100\004\076\004\101\004\102\004\113\004\065\000\040\004\115\004\073\004\065\004\074\004\065\004\075\004\102\004\113}{section.7.7}% 117
\BOOKMARK [2][-]{subsection.7.7.7}{\376\377\004\055\004\073\004\065\004\074\004\065\004\075\004\102\000\040\004\101\000\040\004\061\004\065\004\101\004\072\004\076\004\075\004\065\004\107\004\075\004\076\000\040\004\074\004\075\004\076\004\063\004\070\004\074\004\070\000\040\004\077\004\100\004\076\004\101\004\102\004\113\004\074\004\070\000\040\004\064\004\065\004\073\004\070\004\102\004\065\004\073\004\117\004\074\004\070}{section.7.7}% 118
\BOOKMARK [2][-]{subsection.7.7.8}{\376\377\004\035\004\065\004\101\004\102\004\060\004\075\004\064\004\060\004\100\004\102\004\075\004\060\004\117\000\040\004\077\004\060\004\100\004\060\000\040\004\077\004\100\004\076\004\101\004\102\004\113\004\105\000\040\004\061\004\073\004\070\004\067\004\075\004\065\004\106\004\076\004\062}{section.7.7}% 119
\BOOKMARK [1][-]{section.7.8}{\376\377\004\032\004\060\004\102\004\065\004\063\004\076\004\100\004\070\004\107\004\075\004\076\004\101\004\102\004\114}{chapter.7}% 120
\BOOKMARK [2][-]{subsection.7.8.1}{\376\377\004\032\004\060\004\102\004\065\004\063\004\076\004\100\004\070\004\107\004\075\004\076\004\101\004\102\004\114\000\040\004\070\000\040\004\032\000-\004\072\004\060\004\102\004\065\004\063\004\076\004\100\004\070\004\107\004\075\004\076\004\101\004\102\004\114\000\040\004\102\004\065\004\076\004\100\004\070\004\070}{section.7.8}% 121
\BOOKMARK [2][-]{subsection.7.8.2}{\376\377\004\021\004\065\004\101\004\072\004\076\004\075\004\065\004\107\004\075\004\076\004\074\004\065\004\100\004\075\004\113\004\065\000\040\004\062\004\065\004\072\004\102\004\076\004\100\004\075\004\113\004\065\000\040\004\077\004\100\004\076\004\101\004\102\004\100\004\060\004\075\004\101\004\102\004\062\004\060}{section.7.8}% 122
\BOOKMARK [2][-]{subsection.7.8.3}{\376\377\004\032\004\060\004\102\004\065\004\063\004\076\004\100\004\070\004\107\004\075\004\076\004\101\004\102\004\114\000\040\004\061\004\065\004\101\004\072\004\076\004\075\004\065\004\107\004\075\004\076\004\074\004\065\004\100\004\075\004\113\004\105\000\040\004\062\004\065\004\072\004\102\004\076\004\100\004\075\004\113\004\105\000\040\004\077\004\100\004\076\004\101\004\102\004\100\004\060\004\075\004\101\004\102\004\062}{section.7.8}% 123
\BOOKMARK [1][-]{section.7.9}{\376\377\004\030\004\101\004\072\004\073\004\116\004\107\004\065\004\075\004\070\004\065\000\040\004\072\004\062\004\060\004\075\004\102\004\076\004\100\004\076\004\062}{chapter.7}% 124
\BOOKMARK [1][-]{section.7.10}{\376\377\004\035\004\060\004\101\004\113\004\111\004\065\004\075\004\075\004\113\004\065\000\040\004\074\004\076\004\064\004\065\004\073\004\070}{chapter.7}% 125
\BOOKMARK [1][-]{section.7.11}{\376\377\004\043\004\101\004\102\004\076\004\071\004\107\004\070\004\062\004\076\004\101\004\102\004\114}{chapter.7}% 126
\BOOKMARK [1][-]{section.7.12}{\376\377\004\027\004\060\004\064\004\060\004\107\004\075\004\070\004\072\000\040\004\077\004\076\000\040\004\102\004\065\004\076\004\100\004\070\004\070\000\040\004\074\004\076\004\064\004\065\004\073\004\065\004\071}{chapter.7}% 127
\BOOKMARK [2][-]{subsection.7.12.1}{\376\377\004\021\004\073\004\076\004\072\000\040\0001\000.\000\040\004\036\004\101\004\075\004\076\004\062\004\113\000\040\004\102\004\065\004\076\004\100\004\070\004\070\000\040\004\074\004\076\004\064\004\065\004\073\004\065\004\071}{section.7.12}% 128
\BOOKMARK [0][-]{chapter*.3}{\376\377\004\023\004\073\004\060\004\062\004\060\000\040\0008\000\040\004\077\004\076\004\072\004\100\004\113\004\062\004\060\004\065\004\102\000\040\004\072\004\103\004\100\004\101\000\040\004\020\000.\004\041\004\102\004\060\004\075\004\072\004\065\004\062\004\070\004\107\004\060\000\040\000"\004\024\004\070\004\101\004\072\004\100\004\065\004\102\004\075\004\060\004\117\000\040\004\074\004\060\004\102\004\065\004\074\004\060\004\102\004\070\004\072\004\060\000\040\000s\0004\000\040\004\062\004\102\004\076\004\100\004\060\004\117\000\040\004\077\004\076\004\073\004\076\004\062\004\070\004\075\004\060\000"}{}% 129
\BOOKMARK [0][-]{chapter.8}{\376\377\004\042\004\065\004\076\004\100\004\070\004\117\000\040\004\062\004\113\004\107\004\070\004\101\004\073\004\070\004\074\004\076\004\101\004\102\004\070}{}% 130
\BOOKMARK [1][-]{section.8.1}{\376\377\004\037\004\076\004\075\004\117\004\102\004\070\004\065\000\040\004\060\004\073\004\063\004\076\004\100\004\070\004\102\004\074\004\060}{chapter.8}% 131
\BOOKMARK [1][-]{section.8.2}{\376\377\004\047\004\060\004\101\004\102\004\070\004\107\004\075\004\076\000-\004\100\004\065\004\072\004\103\004\100\004\101\004\070\004\062\004\075\004\113\004\065\000\040\004\104\004\103\004\075\004\072\004\106\004\070\004\070}{chapter.8}% 132
\BOOKMARK [1][-]{section.8.3}{\376\377\004\034\004\060\004\110\004\070\004\075\004\113\000\040\004\042\004\114\004\116\004\100\004\070\004\075\004\063\004\060}{chapter.8}% 133
\BOOKMARK [1][-]{section.8.4}{\376\377\000l\000a\000m\000b\000d\000a\000-\004\070\004\101\004\107\004\070\004\101\004\073\004\065\004\075\004\070\004\065}{chapter.8}% 134
\BOOKMARK [1][-]{section.8.5}{\376\377\004\042\004\065\004\067\004\070\004\101\000\040\004\047\004\065\004\100\004\107\004\060\040\023\004\042\004\114\004\116\004\100\004\070\004\075\004\063\004\060}{chapter.8}% 135
\BOOKMARK [1][-]{section.8.6}{\376\377\004\040\004\060\004\067\004\100\004\065\004\110\004\070\004\074\004\113\004\065\000\040\004\074\004\075\004\076\004\066\004\065\004\101\004\102\004\062\004\060}{chapter.8}% 136
\BOOKMARK [1][-]{section.8.7}{\376\377\004\037\004\065\004\100\004\065\004\107\004\070\004\101\004\073\004\070\004\074\004\113\004\065\000\040\004\074\004\075\004\076\004\066\004\065\004\101\004\102\004\062\004\060}{chapter.8}% 137
\BOOKMARK [1][-]{section.8.8}{\376\377\004\035\004\065\004\100\004\060\004\067\004\100\004\065\004\110\004\070\004\074\004\113\004\065\000\040\004\067\004\060\004\064\004\060\004\107\004\070}{chapter.8}% 138
\BOOKMARK [1][-]{section.8.9}{\376\377\004\042\004\065\004\076\004\100\004\065\004\074\004\060\000\040\004\040\004\060\004\071\004\101\004\060}{chapter.8}% 139
\BOOKMARK [1][-]{section.8.10}{\376\377\004\020\004\100\004\070\004\104\004\074\004\065\004\102\004\070\004\107\004\065\004\101\004\072\004\060\004\117\000\040\004\070\004\065\004\100\004\060\004\100\004\105\004\070\004\117}{chapter.8}% 140
\BOOKMARK [1][-]{section.8.11}{\376\377\004\027\004\060\004\064\004\060\004\107\004\075\004\070\004\072\000\040\004\072\000\040\004\063\004\073\004\060\004\062\004\065}{chapter.8}% 141
\BOOKMARK [0][-]{chapter*.4}{\376\377\004\023\004\073\004\060\004\062\004\060\000\040\0009\000\040\004\077\004\076\004\072\004\100\004\113\004\062\004\060\004\065\004\102\000\040\004\072\004\103\004\100\004\101\000\040\004\024\000.\004\050\004\102\004\103\004\072\004\065\004\075\004\061\004\065\004\100\004\063\004\060\000\040\000"\004\042\004\065\004\076\004\100\004\070\004\117\000\040\004\102\004\070\004\077\004\076\004\062\000"}{}% 142
\BOOKMARK [0][-]{chapter.9}{\376\377\004\042\004\065\004\076\004\100\004\070\004\117\000\040\004\102\004\070\004\077\004\076\004\062}{}% 143
\BOOKMARK [1][-]{section.9.1}{\376\377\004\037\004\100\004\076\004\101\004\102\004\060\004\117\000\040\004\102\004\065\004\076\004\100\004\070\004\117\000\040\004\102\004\070\004\077\004\076\004\062}{chapter.9}% 144
\BOOKMARK [1][-]{section.9.2}{\376\377\004\042\004\070\004\077\004\070\004\067\004\070\004\100\004\076\004\062\004\060\004\075\004\075\004\076\004\065\000\040\000l\000a\000m\000b\000d\000a\000-\004\070\004\101\004\107\004\070\004\101\004\073\004\065\004\075\004\070\004\065}{chapter.9}% 145
\BOOKMARK [1][-]{section.9.3}{\376\377\004\041\004\070\004\101\004\102\004\065\004\074\004\060\000\040\000F}{chapter.9}% 146
\BOOKMARK [1][-]{section.9.4}{\376\377\004\027\004\060\004\062\004\070\004\101\004\070\004\074\004\113\004\065\000\040\004\102\004\070\004\077\004\113}{chapter.9}% 147
\BOOKMARK [1][-]{section.9.5}{\376\377\004\030\004\067\004\076\004\074\004\076\004\100\004\104\004\070\004\067\004\074\000\040\004\032\004\060\004\100\004\100\004\070\040\023\004\045\004\076\004\062\004\060\004\100\004\064\004\060}{chapter.9}% 148
\BOOKMARK [1][-]{section.9.6}{\376\377\004\042\004\070\004\077\004\113\000\040\004\072\004\060\004\072\000\040\004\064\004\076\004\072\004\060\004\067\004\060\004\102\004\065\004\073\004\114\004\101\004\102\004\062\004\060}{chapter.9}% 149
\BOOKMARK [1][-]{section.9.7}{\376\377\004\032\004\076\004\075\004\101\004\102\004\100\004\103\004\072\004\102\004\070\004\062\004\075\004\113\004\065\000\040\004\076\004\101\004\075\004\076\004\062\004\060\004\075\004\070\004\117\000\040\004\074\004\060\004\102\004\065\004\074\004\060\004\102\004\070\004\072\004\070}{chapter.9}% 150
\BOOKMARK [1][-]{section.9.8}{\376\377\000C\000o\000q\000,\000\040\000A\000g\000d\000a\000\040\004\070\000\040\000L\000e\000a\000n}{chapter.9}% 151
\BOOKMARK [1][-]{section.9.9}{\376\377\004\027\004\060\004\064\004\060\004\107\004\075\004\070\004\072\000\040\004\072\000\040\004\063\004\073\004\060\004\062\004\065}{chapter.9}% 152
\BOOKMARK [0][-]{chapter.10}{\376\377\004\036\004\101\004\075\004\076\004\062\004\060\004\075\004\070\004\117\000\040\004\074\004\060\004\102\004\065\004\074\004\060\004\102\004\070\004\072\004\070}{}% 153
\BOOKMARK [1][-]{section.10.1}{\376\377\004\033\004\076\004\063\004\070\004\106\004\070\004\067\004\074}{chapter.10}% 154
\BOOKMARK [1][-]{section.10.2}{\376\377\004\044\004\076\004\100\004\074\004\060\004\073\004\070\004\067\004\074\000\040\004\023\004\070\004\073\004\114\004\061\004\065\004\100\004\102\004\060}{chapter.10}% 155
\BOOKMARK [1][-]{section.10.3}{\376\377\004\030\004\075\004\102\004\103\004\070\004\106\004\070\004\076\004\075\004\070\004\067\004\074\000\040\004\021\004\100\004\060\004\103\004\115\004\100\004\060}{chapter.10}% 156
\BOOKMARK [1][-]{section.10.4}{\376\377\004\042\004\065\004\076\004\100\004\065\004\102\004\070\004\072\004\076\000-\004\074\004\075\004\076\004\066\004\065\004\101\004\102\004\062\004\065\004\075\004\075\004\113\004\065\000\040\004\076\004\101\004\075\004\076\004\062\004\060\004\075\004\070\004\117}{chapter.10}% 157
\BOOKMARK [1][-]{section.10.5}{\376\377\004\032\004\060\004\102\004\065\004\063\004\076\004\100\004\070\004\060\004\073\004\114\004\075\004\113\004\065\000\040\004\076\004\101\004\075\004\076\004\062\004\060\004\075\004\070\004\117}{chapter.10}% 158
\BOOKMARK [1][-]{section.10.6}{\376\377\004\043\004\075\004\070\004\062\004\060\004\073\004\065\004\075\004\102\004\075\004\113\004\065\000\040\004\076\004\101\004\075\004\076\004\062\004\060\004\075\004\070\004\117}{chapter.10}% 159
\BOOKMARK [1][-]{section.10.7}{\376\377\004\027\004\060\004\064\004\060\004\107\004\075\004\070\004\072\000\040\004\072\000\040\004\063\004\073\004\060\004\062\004\065}{chapter.10}% 160
